<?xml version="1.0" encoding="UTF-8"?>
<testsuite xmlns:xsi="http://www.w3.org/2001/XMLSchema-instance" xsi:noNamespaceSchemaLocation="https://maven.apache.org/surefire/maven-failsafe-plugin/xsd/failsafe-test-report-3.0.xsd" version="3.0" name="Reqresin" time="18.189" tests="6" errors="0" skipped="0" failures="2">
  <properties>
[...]
</properties>
  <testcase name="Success Get Single User" classname="Reqresin" time="8.782">
    <system-out><![CDATA[01:13:02.774 [pool-2-thread-1] INFO io.cucumber.core.plugin.SerenityReporter - Running feature from file:///C:/Users/Lenovo/qebatch4/RestAssuredDemo/src/test/resources/features/reqresin/reqresin.feature

01:13:03.556 [pool-2-thread-1] INFO  - 

-------------------------------------------------------------------------------------
     _______. _______ .______       _______ .__   __.  __  .___________.____    ____ 
    /       ||   ____||   _  \     |   ____||  \ |  | |  | |           |\   \  /   / 
   |   (----`|  |__   |  |_)  |    |  |__   |   \|  | |  | `---|  |----` \   \/   /  
    \   \    |   __|  |      /     |   __|  |  . `  | |  |     |  |       \_    _/   
.----)   |   |  |____ |  |\  \----.|  |____ |  |\   | |  |     |  |         |  |     
|_______/    |_______|| _| `._____||_______||__| \__| |__|     |__|         |__|    
                                                                                     
 News and tutorials at http://www.serenity-bdd.info                                  
 Documentation at https://wakaleo.gitbooks.io/the-serenity-book/content/             
 Join the Serenity Community on Gitter: https://gitter.im/serenity-bdd/serenity-core 
 Serenity BDD Support and Training at http://serenity-bdd.info/#/trainingandsupport  
-------------------------------------------------------------------------------------


01:13:03.563 [pool-2-thread-1] DEBUG net.thucydides.core.steps.StepEventBus - Test suite started for story net.thucydides.core.model.Story@cfd34610

01:13:03.577 [pool-2-thread-1] INFO  - Test Suite Started: Reqresin

01:13:14.890 [pool-2-thread-1] ERROR  - 
  _____   ___   ___   _____     ___     _     ___   _      ___   ___  
 |_   _| | __| / __| |_   _|   | __|   /_\   |_ _| | |    | __| |   \ 
   | |   | _|  \__ \   | |     | _|   / _ \   | |  | |__  | _|  | |) |
   |_|   |___| |___/   |_|     |_|   /_/ \_\ |___| |____| |___| |___/ 

Login Valid Data
-----------------------------------------------------------------------

01:13:14.893 [pool-2-thread-1] DEBUG  - RELATED ISSUES: 

01:13:14.991 [pool-2-thread-1] ERROR  -     Test failed at step: And response body json schema is "success-login.json"

01:13:14.992 [pool-2-thread-1] ERROR  -     1 expectation failed.Response body doesn't match expectation.Expected: The content to match the given JSON schema.error: object has missing required properties (["token"])    level: "error"    schema: {"loadingURI":"file:/C:/Users/Lenovo/qebatch4/RestAssuredDemo/target/test-classes/schema/success-login.json#","pointer":""}    instance: {"pointer":""}    domain: "validation"    keyword: "required"    required: ["token"]    missing: ["token"]  Actual: {"email":"eve.holt@reqres.in","password":"cityslicka","updatedAt":"2022-06-19T18:13:14.815Z"}

01:13:19.061 [pool-2-thread-1] ERROR  - 
  _____   ___   ___   _____     ___     _     ___   _      ___   ___  
 |_   _| | __| / __| |_   _|   | __|   /_\   |_ _| | |    | __| |   \ 
   | |   | _|  \__ \   | |     | _|   / _ \   | |  | |__  | _|  | |) |
   |_|   |___| |___/   |_|     |_|   /_/ \_\ |___| |____| |___| |___/ 

Success Register with Valid Data
-----------------------------------------------------------------------

01:13:19.062 [pool-2-thread-1] DEBUG  - RELATED ISSUES: 

01:13:19.062 [pool-2-thread-1] ERROR  -     Test failed at step: And response body json schema is "register.json"

01:13:19.063 [pool-2-thread-1] ERROR  -     1 expectation failed.Response body doesn't match expectation.Expected: The content to match the given JSON schema.error: object has missing required properties (["id","token"])    level: "error"    schema: {"loadingURI":"file:/C:/Users/Lenovo/qebatch4/RestAssuredDemo/target/test-classes/schema/register.json#","pointer":""}    instance: {"pointer":""}    domain: "validation"    keyword: "required"    required: ["id","token"]    missing: ["id","token"]  Actual: {"email":"eve.holt@reqres.in","password":"pistol","updatedAt":"2022-06-19T18:13:19.032Z"}



&amp#27;[31mFailed scenarios:&amp#27;[0m


file:///C:/Users/Lenovo/qebatch4/RestAssuredDemo/src/test/resources/features/reqresin/reqresin.feature:11 # Login Valid Data


file:///C:/Users/Lenovo/qebatch4/RestAssuredDemo/src/test/resources/features/reqresin/reqresin.feature:22 # Success Register with Valid Data




6
 Scenarios (
&amp#27;[31m2 failed&amp#27;[0m
, 
&amp#27;[32m4 passed&amp#27;[0m
)


17
 Steps (
&amp#27;[31m2 failed&amp#27;[0m
, 
&amp#27;[32m15 passed&amp#27;[0m
)


0m
19.060s






java.lang.AssertionError: 1 expectation failed.
Response body doesn't match expectation.
Expected: The content to match the given JSON schema.
error: object has missing required properties (["token"])
    level: "error"
    schema: {"loadingURI":"file:/C:/Users/Lenovo/qebatch4/RestAssuredDemo/target/test-classes/schema/success-login.json#","pointer":""}
    instance: {"pointer":""}
    domain: "validation"
    keyword: "required"
    required: ["token"]
    missing: ["token"]

  Actual: {"email":"eve.holt@reqres.in","password":"cityslicka","updatedAt":"2022-06-19T18:13:14.815Z"}



	at sun.reflect.NativeConstructorAccessorImpl.newInstance0(Native Method)


	at sun.reflect.NativeConstructorAccessorImpl.newInstance(NativeConstructorAccessorImpl.java:62)


	at sun.reflect.DelegatingConstructorAccessorImpl.newInstance(DelegatingConstructorAccessorImpl.java:45)


	at java.lang.reflect.Constructor.newInstance(Constructor.java:423)


	at org.codehaus.groovy.reflection.CachedConstructor.invoke(CachedConstructor.java:72)


	at org.codehaus.groovy.reflection.CachedConstructor.doConstructorInvoke(CachedConstructor.java:59)


	at org.codehaus.groovy.runtime.callsite.ConstructorSite$ConstructorSiteNoUnwrap.callConstructor(ConstructorSite.java:84)


	at org.codehaus.groovy.runtime.callsite.CallSiteArray.defaultCallConstructor(CallSiteArray.java:59)


	at org.codehaus.groovy.runtime.callsite.AbstractCallSite.callConstructor(AbstractCallSite.java:263)


	at org.codehaus.groovy.runtime.callsite.AbstractCallSite.callConstructor(AbstractCallSite.java:277)


	at io.restassured.internal.ResponseSpecificationImpl$HamcrestAssertionClosure.validate(ResponseSpecificationImpl.groovy:493)


	at io.restassured.internal.ResponseSpecificationImpl$HamcrestAssertionClosure$validate$1.call(Unknown Source)


	at io.restassured.internal.ResponseSpecificationImpl.validateResponseIfRequired(ResponseSpecificationImpl.groovy:674)


	at sun.reflect.NativeMethodAccessorImpl.invoke0(Native Method)


	at sun.reflect.NativeMethodAccessorImpl.invoke(NativeMethodAccessorImpl.java:62)


	at sun.reflect.DelegatingMethodAccessorImpl.invoke(DelegatingMethodAccessorImpl.java:43)


	at java.lang.reflect.Method.invoke(Method.java:498)


	at org.codehaus.groovy.runtime.callsite.PlainObjectMetaMethodSite.doInvoke(PlainObjectMetaMethodSite.java:43)


	at org.codehaus.groovy.runtime.callsite.PogoMetaMethodSite$PogoCachedMethodSiteNoUnwrapNoCoerce.invoke(PogoMetaMethodSite.java:193)


	at org.codehaus.groovy.runtime.callsite.PogoMetaMethodSite.callCurrent(PogoMetaMethodSite.java:61)


	at org.codehaus.groovy.runtime.callsite.AbstractCallSite.callCurrent(AbstractCallSite.java:185)


	at io.restassured.internal.ResponseSpecificationImpl.body(ResponseSpecificationImpl.groovy:98)


	at io.restassured.internal.ValidatableResponseOptionsImpl.body(ValidatableResponseOptionsImpl.java:238)


	at io.restassured.internal.ValidatableResponseImpl.super$2$body(ValidatableResponseImpl.groovy)


	at sun.reflect.NativeMethodAccessorImpl.invoke0(Native Method)


	at sun.reflect.NativeMethodAccessorImpl.invoke(NativeMethodAccessorImpl.java:62)


	at sun.reflect.DelegatingMethodAccessorImpl.invoke(DelegatingMethodAccessorImpl.java:43)


	at java.lang.reflect.Method.invoke(Method.java:498)


	at org.codehaus.groovy.reflection.CachedMethod.invoke(CachedMethod.java:107)


	at groovy.lang.MetaMethod.doMethodInvoke(MetaMethod.java:323)


	at groovy.lang.MetaClassImpl.invokeMethod(MetaClassImpl.java:1268)


	at org.codehaus.groovy.runtime.ScriptBytecodeAdapter.invokeMethodOnSuperN(ScriptBytecodeAdapter.java:144)


	at io.restassured.internal.ValidatableResponseImpl.body(ValidatableResponseImpl.groovy:293)


	at io.restassured.internal.ValidatableResponseImpl.body(ValidatableResponseImpl.groovy)


	at api.stepdef.reqresin.reqresinstepdef.lambda$responseBodyJsonSchemaIs$1(reqresinstepdef.java:31)


	at net.serenitybdd.rest.SerenityRest.restAssuredThat(SerenityRest.java:626)


	at api.stepdef.reqresin.reqresinstepdef.responseBodyJsonSchemaIs(reqresinstepdef.java:31)


	at ?.response body json schema is "success-login.json"(file:///C:/Users/Lenovo/qebatch4/RestAssuredDemo/src/test/resources/features/reqresin/reqresin.feature:14)




java.lang.AssertionError: 1 expectation failed.
Response body doesn't match expectation.
Expected: The content to match the given JSON schema.
error: object has missing required properties (["id","token"])
    level: "error"
    schema: {"loadingURI":"file:/C:/Users/Lenovo/qebatch4/RestAssuredDemo/target/test-classes/schema/register.json#","pointer":""}
    instance: {"pointer":""}
    domain: "validation"
    keyword: "required"
    required: ["id","token"]
    missing: ["id","token"]

  Actual: {"email":"eve.holt@reqres.in","password":"pistol","updatedAt":"2022-06-19T18:13:19.032Z"}



	at sun.reflect.NativeConstructorAccessorImpl.newInstance0(Native Method)


	at sun.reflect.NativeConstructorAccessorImpl.newInstance(NativeConstructorAccessorImpl.java:62)


	at sun.reflect.DelegatingConstructorAccessorImpl.newInstance(DelegatingConstructorAccessorImpl.java:45)


	at java.lang.reflect.Constructor.newInstance(Constructor.java:423)


	at org.codehaus.groovy.reflection.CachedConstructor.invoke(CachedConstructor.java:72)


	at org.codehaus.groovy.reflection.CachedConstructor.doConstructorInvoke(CachedConstructor.java:59)


	at org.codehaus.groovy.runtime.callsite.ConstructorSite$ConstructorSiteNoUnwrap.callConstructor(ConstructorSite.java:84)


	at org.codehaus.groovy.runtime.callsite.AbstractCallSite.callConstructor(AbstractCallSite.java:277)


	at io.restassured.internal.ResponseSpecificationImpl$HamcrestAssertionClosure.validate(ResponseSpecificationImpl.groovy:493)


	at io.restassured.internal.ResponseSpecificationImpl$HamcrestAssertionClosure$validate$1.call(Unknown Source)


	at io.restassured.internal.ResponseSpecificationImpl.validateResponseIfRequired(ResponseSpecificationImpl.groovy:674)


	at sun.reflect.NativeMethodAccessorImpl.invoke0(Native Method)


	at sun.reflect.NativeMethodAccessorImpl.invoke(NativeMethodAccessorImpl.java:62)


	at sun.reflect.DelegatingMethodAccessorImpl.invoke(DelegatingMethodAccessorImpl.java:43)


	at java.lang.reflect.Method.invoke(Method.java:498)


	at org.codehaus.groovy.runtime.callsite.PlainObjectMetaMethodSite.doInvoke(PlainObjectMetaMethodSite.java:43)


	at org.codehaus.groovy.runtime.callsite.PogoMetaMethodSite$PogoCachedMethodSiteNoUnwrapNoCoerce.invoke(PogoMetaMethodSite.java:193)


	at org.codehaus.groovy.runtime.callsite.PogoMetaMethodSite.callCurrent(PogoMetaMethodSite.java:61)


	at org.codehaus.groovy.runtime.callsite.AbstractCallSite.callCurrent(AbstractCallSite.java:185)


	at io.restassured.internal.ResponseSpecificationImpl.body(ResponseSpecificationImpl.groovy:98)


	at io.restassured.internal.ValidatableResponseOptionsImpl.body(ValidatableResponseOptionsImpl.java:238)


	at io.restassured.internal.ValidatableResponseImpl.super$2$body(ValidatableResponseImpl.groovy)


	at sun.reflect.NativeMethodAccessorImpl.invoke0(Native Method)


	at sun.reflect.NativeMethodAccessorImpl.invoke(NativeMethodAccessorImpl.java:62)


	at sun.reflect.DelegatingMethodAccessorImpl.invoke(DelegatingMethodAccessorImpl.java:43)


	at java.lang.reflect.Method.invoke(Method.java:498)


	at org.codehaus.groovy.reflection.CachedMethod.invoke(CachedMethod.java:107)


	at groovy.lang.MetaMethod.doMethodInvoke(MetaMethod.java:323)


	at groovy.lang.MetaClassImpl.invokeMethod(MetaClassImpl.java:1268)


	at org.codehaus.groovy.runtime.ScriptBytecodeAdapter.invokeMethodOnSuperN(ScriptBytecodeAdapter.java:144)


	at io.restassured.internal.ValidatableResponseImpl.body(ValidatableResponseImpl.groovy:293)


	at io.restassured.internal.ValidatableResponseImpl.body(ValidatableResponseImpl.groovy)


	at api.stepdef.reqresin.reqresinstepdef.lambda$responseBodyJsonSchemaIs$1(reqresinstepdef.java:31)


	at net.serenitybdd.rest.SerenityRest.restAssuredThat(SerenityRest.java:626)


	at api.stepdef.reqresin.reqresinstepdef.responseBodyJsonSchemaIs(reqresinstepdef.java:31)


	at ?.response body json schema is "register.json"(file:///C:/Users/Lenovo/qebatch4/RestAssuredDemo/src/test/resources/features/reqresin/reqresin.feature:25)






01:13:21.850 [pool-2-thread-1] DEBUG net.thucydides.core.reports.ReportService - Reporting formats: [JSON, HTML]

01:13:21.946 [pool-2-thread-1] DEBUG net.thucydides.core.reports.ReportService - Reporting formats: [JSON, HTML]

01:13:21.965 [pool-2-thread-1] DEBUG net.thucydides.core.reports.ReportService - Generating reports for 6 test outcomes using: net.thucydides.core.reports.json.JSONTestOutcomeReporter@7a47aae8

01:13:21.966 [pool-3-thread-2] DEBUG net.thucydides.core.reports.ReportService - Processing test outcome Reqresin:Login Valid Data

01:13:21.966 [pool-3-thread-1] DEBUG net.thucydides.core.reports.ReportService - Processing test outcome Reqresin:Success Get Single User

01:13:21.967 [pool-3-thread-2] INFO net.thucydides.core.reports.ReportService - net.thucydides.core.reports.json.JSONTestOutcomeReporter@7a47aae8: Generating report for test outcome: Reqresin:Login Valid Data

01:13:21.967 [pool-3-thread-1] INFO net.thucydides.core.reports.ReportService - net.thucydides.core.reports.json.JSONTestOutcomeReporter@7a47aae8: Generating report for test outcome: Reqresin:Success Get Single User

01:13:21.967 [pool-3-thread-3] DEBUG net.thucydides.core.reports.ReportService - Processing test outcome Reqresin:Login Without Password

01:13:21.968 [pool-3-thread-3] INFO net.thucydides.core.reports.ReportService - net.thucydides.core.reports.json.JSONTestOutcomeReporter@7a47aae8: Generating report for test outcome: Reqresin:Login Without Password

01:13:21.968 [pool-3-thread-4] DEBUG net.thucydides.core.reports.ReportService - Processing test outcome Reqresin:Success Register with Valid Data

01:13:21.968 [pool-3-thread-4] INFO net.thucydides.core.reports.ReportService - net.thucydides.core.reports.json.JSONTestOutcomeReporter@7a47aae8: Generating report for test outcome: Reqresin:Success Register with Valid Data

01:13:21.982 [pool-3-thread-2] DEBUG net.thucydides.core.reports.json.JSONTestOutcomeReporter - Generating JSON report for Login Valid Data to file C:\Users\Lenovo\qebatch4\RestAssuredDemo\target\site\serenity\b218d2a0d37f22c5ab7757d5e16ca29f1ac8acd92816aeb699d9c16a584b8063.json (using temp file C:\Users\Lenovo\qebatch4\RestAssuredDemo\target\site\serenity\b218d2a0d37f22c5ab7757d5e16ca29f1ac8acd92816aeb699d9c16a584b8063.json2892717b-acd0-44dd-9a99-f40c62fcd6c8)

01:13:21.983 [pool-3-thread-4] DEBUG net.thucydides.core.reports.json.JSONTestOutcomeReporter - Generating JSON report for Success Register with Valid Data to file C:\Users\Lenovo\qebatch4\RestAssuredDemo\target\site\serenity\dedfb8b0c3f8d571e70574a8ca6fe677ede10f7437ee46acc078f00c468fcdb7.json (using temp file C:\Users\Lenovo\qebatch4\RestAssuredDemo\target\site\serenity\dedfb8b0c3f8d571e70574a8ca6fe677ede10f7437ee46acc078f00c468fcdb7.json93ccfbc9-a3c1-42c8-a76d-2bca34d123b9)

01:13:21.984 [pool-3-thread-3] DEBUG net.thucydides.core.reports.json.JSONTestOutcomeReporter - Generating JSON report for Login Without Password to file C:\Users\Lenovo\qebatch4\RestAssuredDemo\target\site\serenity\ae99eaa8eede50028288759a36d863a0fefda66aaa674c6cea7f5764301796cb.json (using temp file C:\Users\Lenovo\qebatch4\RestAssuredDemo\target\site\serenity\ae99eaa8eede50028288759a36d863a0fefda66aaa674c6cea7f5764301796cb.jsonf9684303-292a-4652-8417-d444c9377e8b)

01:13:21.984 [pool-3-thread-1] DEBUG net.thucydides.core.reports.json.JSONTestOutcomeReporter - Generating JSON report for Success Get Single User to file C:\Users\Lenovo\qebatch4\RestAssuredDemo\target\site\serenity\d3ad64de089b8005046151fc161e7c8bf90a0b7f6e1db1ab4b313ccc89cbdbcf.json (using temp file C:\Users\Lenovo\qebatch4\RestAssuredDemo\target\site\serenity\d3ad64de089b8005046151fc161e7c8bf90a0b7f6e1db1ab4b313ccc89cbdbcf.json7159fe43-4d2c-4d51-98b8-841e4263e93c)

01:13:22.066 [pool-3-thread-4] DEBUG net.thucydides.core.reports.ReportService - Processing test outcome Reqresin:Success Register with Valid Data done

01:13:22.067 [pool-3-thread-4] DEBUG net.thucydides.core.reports.ReportService - Processing test outcome Reqresin:Update User Data

01:13:22.067 [pool-3-thread-4] INFO net.thucydides.core.reports.ReportService - net.thucydides.core.reports.json.JSONTestOutcomeReporter@7a47aae8: Generating report for test outcome: Reqresin:Update User Data

01:13:22.069 [pool-3-thread-1] DEBUG net.thucydides.core.reports.ReportService - Processing test outcome Reqresin:Success Get Single User done

01:13:22.069 [pool-3-thread-1] DEBUG net.thucydides.core.reports.ReportService - Processing test outcome Reqresin:Delete User Data

01:13:22.069 [pool-3-thread-1] INFO net.thucydides.core.reports.ReportService - net.thucydides.core.reports.json.JSONTestOutcomeReporter@7a47aae8: Generating report for test outcome: Reqresin:Delete User Data

01:13:22.069 [pool-3-thread-3] DEBUG net.thucydides.core.reports.ReportService - Processing test outcome Reqresin:Login Without Password done

01:13:22.071 [pool-3-thread-2] DEBUG net.thucydides.core.reports.ReportService - Processing test outcome Reqresin:Login Valid Data done

01:13:22.071 [pool-3-thread-1] DEBUG net.thucydides.core.reports.json.JSONTestOutcomeReporter - Generating JSON report for Delete User Data to file C:\Users\Lenovo\qebatch4\RestAssuredDemo\target\site\serenity\48b60ec3108e6ce9186b1579a6946a36bf4a4a7aa230d766b3076a1121d270bb.json (using temp file C:\Users\Lenovo\qebatch4\RestAssuredDemo\target\site\serenity\48b60ec3108e6ce9186b1579a6946a36bf4a4a7aa230d766b3076a1121d270bb.jsoncbc0f4d8-53b1-4089-9377-b9f3a41afeb0)

01:13:22.072 [pool-3-thread-4] DEBUG net.thucydides.core.reports.json.JSONTestOutcomeReporter - Generating JSON report for Update User Data to file C:\Users\Lenovo\qebatch4\RestAssuredDemo\target\site\serenity\6dc4ed3160a33f11c902e1568f49f997e90531261e9488c027f6a9356ca93837.json (using temp file C:\Users\Lenovo\qebatch4\RestAssuredDemo\target\site\serenity\6dc4ed3160a33f11c902e1568f49f997e90531261e9488c027f6a9356ca93837.jsondc36d695-8aa0-43e0-9878-1d8fa1d35a25)

01:13:22.075 [pool-3-thread-1] DEBUG net.thucydides.core.reports.ReportService - Processing test outcome Reqresin:Delete User Data done

01:13:22.081 [pool-3-thread-4] DEBUG net.thucydides.core.reports.ReportService - Processing test outcome Reqresin:Update User Data done

01:13:22.081 [pool-2-thread-1] DEBUG net.thucydides.core.reports.ReportService - Shutting down executor service

01:13:22.081 [pool-2-thread-1] DEBUG net.thucydides.core.reports.ReportService - Reports generated in: 115 ms

01:13:22.081 [pool-2-thread-1] DEBUG net.thucydides.core.reports.ReportService - Generating reports for 6 test outcomes using: net.thucydides.core.reports.html.HtmlAcceptanceTestReporter@5238a98d

01:13:22.084 [pool-4-thread-4] DEBUG net.thucydides.core.reports.ReportService - Processing test outcome Reqresin:Success Register with Valid Data

01:13:22.084 [pool-4-thread-4] INFO net.thucydides.core.reports.ReportService - net.thucydides.core.reports.html.HtmlAcceptanceTestReporter@5238a98d: Generating report for test outcome: Reqresin:Success Register with Valid Data

01:13:22.085 [pool-4-thread-3] DEBUG net.thucydides.core.reports.ReportService - Processing test outcome Reqresin:Login Without Password

01:13:22.085 [pool-4-thread-3] INFO net.thucydides.core.reports.ReportService - net.thucydides.core.reports.html.HtmlAcceptanceTestReporter@5238a98d: Generating report for test outcome: Reqresin:Login Without Password

01:13:22.088 [pool-4-thread-2] DEBUG net.thucydides.core.reports.ReportService - Processing test outcome Reqresin:Login Valid Data

01:13:22.089 [pool-4-thread-2] INFO net.thucydides.core.reports.ReportService - net.thucydides.core.reports.html.HtmlAcceptanceTestReporter@5238a98d: Generating report for test outcome: Reqresin:Login Valid Data

01:13:22.089 [pool-4-thread-1] DEBUG net.thucydides.core.reports.ReportService - Processing test outcome Reqresin:Success Get Single User

01:13:22.089 [pool-4-thread-1] INFO net.thucydides.core.reports.ReportService - net.thucydides.core.reports.html.HtmlAcceptanceTestReporter@5238a98d: Generating report for test outcome: Reqresin:Success Get Single User

01:13:22.154 [pool-4-thread-4] DEBUG net.thucydides.core.requirements.model.cucumber.CucumberParser - Added feature Reqresin

01:13:22.169 [pool-4-thread-3] DEBUG net.thucydides.core.requirements.model.cucumber.CucumberParser - Added feature Reqresin

01:13:22.179 [pool-4-thread-2] DEBUG net.thucydides.core.requirements.model.cucumber.CucumberParser - Added feature Reqresin

01:13:22.186 [pool-4-thread-1] DEBUG net.thucydides.core.requirements.model.cucumber.CucumberParser - Added feature Reqresin

01:13:22.197 [pool-4-thread-3] DEBUG net.thucydides.core.requirements.BaseRequirementsService - Requirement found for test outcome Login Without Password-[]: Optional[Requirement{name='Reqresin', type='feature' parent = 'Reqresin', cardNumber='null'}]

01:13:22.199 [pool-4-thread-2] DEBUG net.thucydides.core.requirements.BaseRequirementsService - Requirement found for test outcome Login Valid Data-[]: Optional[Requirement{name='Reqresin', type='feature' parent = 'Reqresin', cardNumber='null'}]

01:13:22.200 [pool-4-thread-1] DEBUG net.thucydides.core.requirements.BaseRequirementsService - Requirement found for test outcome Success Get Single User-[]: Optional[Requirement{name='Reqresin', type='feature' parent = 'Reqresin', cardNumber='null'}]

01:13:22.203 [pool-4-thread-2] DEBUG net.thucydides.core.requirements.BaseRequirementsService - Requirement found for test outcome Login Valid Data-[]: Optional[Requirement{name='Reqresin', type='feature' parent = 'Reqresin', cardNumber='null'}]

01:13:22.205 [pool-4-thread-3] DEBUG net.thucydides.core.requirements.BaseRequirementsService - Requirement found for test outcome Login Without Password-[]: Optional[Requirement{name='Reqresin', type='feature' parent = 'Reqresin', cardNumber='null'}]

01:13:22.202 [pool-4-thread-1] DEBUG net.thucydides.core.requirements.BaseRequirementsService - Requirement found for test outcome Success Get Single User-[]: Optional[Requirement{name='Reqresin', type='feature' parent = 'Reqresin', cardNumber='null'}]

01:13:22.207 [pool-4-thread-4] DEBUG net.thucydides.core.requirements.BaseRequirementsService - Requirement found for test outcome Success Register with Valid Data-[]: Optional[Requirement{name='Reqresin', type='feature' parent = 'Reqresin', cardNumber='null'}]

01:13:22.213 [pool-4-thread-4] DEBUG net.thucydides.core.requirements.BaseRequirementsService - Requirement found for test outcome Success Register with Valid Data-[]: Optional[Requirement{name='Reqresin', type='feature' parent = 'Reqresin', cardNumber='null'}]

01:13:23.368 [pool-4-thread-1] DEBUG serenity.reporting - Generating report in d3ad64de089b8005046151fc161e7c8bf90a0b7f6e1db1ab4b313ccc89cbdbcf.html

01:13:23.368 [pool-4-thread-2] DEBUG serenity.reporting - Generating report in b218d2a0d37f22c5ab7757d5e16ca29f1ac8acd92816aeb699d9c16a584b8063.html

01:13:23.368 [pool-4-thread-3] DEBUG serenity.reporting - Generating report in ae99eaa8eede50028288759a36d863a0fefda66aaa674c6cea7f5764301796cb.html

01:13:23.368 [pool-4-thread-4] DEBUG serenity.reporting - Generating report in dedfb8b0c3f8d571e70574a8ca6fe677ede10f7437ee46acc078f00c468fcdb7.html

01:13:24.479 [pool-4-thread-2] DEBUG serenity.reporting - Generated report b218d2a0d37f22c5ab7757d5e16ca29f1ac8acd92816aeb699d9c16a584b8063.html in 1111 ms

01:13:24.479 [pool-4-thread-2] DEBUG net.thucydides.core.reports.ReportService - Processing test outcome Reqresin:Login Valid Data done

01:13:24.480 [pool-4-thread-2] DEBUG net.thucydides.core.reports.ReportService - Processing test outcome Reqresin:Update User Data

01:13:24.480 [pool-4-thread-2] INFO net.thucydides.core.reports.ReportService - net.thucydides.core.reports.html.HtmlAcceptanceTestReporter@5238a98d: Generating report for test outcome: Reqresin:Update User Data

01:13:24.482 [pool-4-thread-2] DEBUG net.thucydides.core.requirements.BaseRequirementsService - Requirement found for test outcome Update User Data-[]: Optional[Requirement{name='Reqresin', type='feature' parent = 'Reqresin', cardNumber='null'}]

01:13:24.483 [pool-4-thread-2] DEBUG net.thucydides.core.requirements.BaseRequirementsService - Requirement found for test outcome Update User Data-[]: Optional[Requirement{name='Reqresin', type='feature' parent = 'Reqresin', cardNumber='null'}]

01:13:24.485 [pool-4-thread-2] DEBUG serenity.reporting - Generating report in 6dc4ed3160a33f11c902e1568f49f997e90531261e9488c027f6a9356ca93837.html

01:13:24.487 [pool-4-thread-4] DEBUG serenity.reporting - Generated report dedfb8b0c3f8d571e70574a8ca6fe677ede10f7437ee46acc078f00c468fcdb7.html in 1119 ms

01:13:24.488 [pool-4-thread-4] DEBUG net.thucydides.core.reports.ReportService - Processing test outcome Reqresin:Success Register with Valid Data done

01:13:24.489 [pool-4-thread-4] DEBUG net.thucydides.core.reports.ReportService - Processing test outcome Reqresin:Delete User Data

01:13:24.489 [pool-4-thread-4] INFO net.thucydides.core.reports.ReportService - net.thucydides.core.reports.html.HtmlAcceptanceTestReporter@5238a98d: Generating report for test outcome: Reqresin:Delete User Data

01:13:24.479 [pool-4-thread-1] DEBUG serenity.reporting - Generated report d3ad64de089b8005046151fc161e7c8bf90a0b7f6e1db1ab4b313ccc89cbdbcf.html in 1111 ms

01:13:24.493 [pool-4-thread-1] DEBUG net.thucydides.core.reports.ReportService - Processing test outcome Reqresin:Success Get Single User done

01:13:24.493 [pool-4-thread-3] DEBUG serenity.reporting - Generated report ae99eaa8eede50028288759a36d863a0fefda66aaa674c6cea7f5764301796cb.html in 1125 ms

01:13:24.493 [pool-4-thread-3] DEBUG net.thucydides.core.reports.ReportService - Processing test outcome Reqresin:Login Without Password done

01:13:24.493 [pool-4-thread-4] DEBUG net.thucydides.core.requirements.BaseRequirementsService - Requirement found for test outcome Delete User Data-[]: Optional[Requirement{name='Reqresin', type='feature' parent = 'Reqresin', cardNumber='null'}]

01:13:24.494 [pool-4-thread-4] DEBUG net.thucydides.core.requirements.BaseRequirementsService - Requirement found for test outcome Delete User Data-[]: Optional[Requirement{name='Reqresin', type='feature' parent = 'Reqresin', cardNumber='null'}]

01:13:24.496 [pool-4-thread-4] DEBUG serenity.reporting - Generating report in 48b60ec3108e6ce9186b1579a6946a36bf4a4a7aa230d766b3076a1121d270bb.html

01:13:24.560 [pool-4-thread-2] DEBUG serenity.reporting - Generated report 6dc4ed3160a33f11c902e1568f49f997e90531261e9488c027f6a9356ca93837.html in 74 ms

01:13:24.560 [pool-4-thread-2] DEBUG net.thucydides.core.reports.ReportService - Processing test outcome Reqresin:Update User Data done

01:13:24.579 [pool-4-thread-4] DEBUG serenity.reporting - Generated report 48b60ec3108e6ce9186b1579a6946a36bf4a4a7aa230d766b3076a1121d270bb.html in 83 ms

01:13:24.581 [pool-4-thread-4] DEBUG net.thucydides.core.reports.ReportService - Processing test outcome Reqresin:Delete User Data done

01:13:24.582 [pool-2-thread-1] DEBUG net.thucydides.core.reports.ReportService - Shutting down executor service

01:13:24.582 [pool-2-thread-1] DEBUG net.thucydides.core.reports.ReportService - Reports generated in: 2501 ms

01:13:24.945 [pool-2-thread-1] INFO io.cucumber.core.plugin.SerenityReporter - Cleanup test resources for URI file:///C:/Users/Lenovo/qebatch4/RestAssuredDemo/src/test/resources/features/reqresin/reqresin.feature


@reqresin @get-single-user @positive
Scenario: Success Get Single User                         &amp#27;[90m# src/test/resources/features/reqresin/reqresin.feature:5&amp#27;[0m
01:13:05.065 [pool-2-thread-1] INFO io.cucumber.core.plugin.SerenityReporter - Running feature from file:///C:/Users/Lenovo/qebatch4/RestAssuredDemo/src/test/resources/features/reqresin/reqresin.feature
01:13:06.111 [pool-2-thread-1] INFO  - 
  _____   ___   ___   _____     ___   _____     _     ___   _____   ___   ___  
 |_   _| | __| / __| |_   _|   / __| |_   _|   /_\   | _ \ |_   _| | __| |   \ 
   | |   | _|  \__ \   | |     \__ \   | |    / _ \  |   /   | |   | _|  | |) |
   |_|   |___| |___/   |_|     |___/   |_|   /_/ \_\ |_|_\   |_|   |___| |___/ 

Success Get Single User(reqresin;success-get-single-user)
--------------------------------------------------------------------------------
01:13:06.296 [pool-2-thread-1] DEBUG net.thucydides.core.requirements.model.cucumber.CucumberParser - Added feature Reqresin
  &amp#27;[32mWhen &amp#27;[0m&amp#27;[32muser send GET Single User with id &amp#27;[0m&amp#27;[32m&amp#27;[1m2&amp#27;[0m                &amp#27;[90m# api.stepdef.reqresin.reqresinstepdef.userSendGETSingleUserWithId(int)&amp#27;[0m
  &amp#27;[32mThen &amp#27;[0m&amp#27;[32mresponse status code should be &amp#27;[0m&amp#27;[32m&amp#27;[1m200&amp#27;[0m                 &amp#27;[90m# api.stepdef.reqresin.reqresinstepdef.responseStatusCodeShouldBe(int)&amp#27;[0m
  &amp#27;[32mAnd &amp#27;[0m&amp#27;[32mresponse body json schema is &amp#27;[0m&amp#27;[32m&amp#27;[1m"get-single-user.json"&amp#27;[0m &amp#27;[90m# api.stepdef.reqresin.reqresinstepdef.responseBodyJsonSchemaIs(java.lang.String)&amp#27;[0m
01:13:12.407 [pool-2-thread-1] INFO  - 
  _____   ___   ___   _____     ___     _     ___   ___   ___   ___  
 |_   _| | __| / __| |_   _|   | _ \   /_\   / __| / __| | __| |   \ 
   | |   | _|  \__ \   | |     |  _/  / _ \  \__ \ \__ \ | _|  | |) |
   |_|   |___| |___/   |_|     |_|   /_/ \_\ |___/ |___/ |___| |___/ 

Success Get Single User
----------------------------------------------------------------------
]]></system-out>
  </testcase>
  <testcase name="Login Valid Data" classname="Reqresin" time="2.471">
    <failure message="1 expectation failed.&#10;Response body doesn&apos;t match expectation.&#10;Expected: The content to match the given JSON schema.&#10;error: object has missing required properties ([&quot;token&quot;])&#10;    level: &quot;error&quot;&#10;    schema: {&quot;loadingURI&quot;:&quot;file:/C:/Users/Lenovo/qebatch4/RestAssuredDemo/target/test-classes/schema/success-login.json#&quot;,&quot;pointer&quot;:&quot;&quot;}&#10;    instance: {&quot;pointer&quot;:&quot;&quot;}&#10;    domain: &quot;validation&quot;&#10;    keyword: &quot;required&quot;&#10;    required: [&quot;token&quot;]&#10;    missing: [&quot;token&quot;]&#10;&#10;  Actual: {&quot;email&quot;:&quot;eve.holt@reqres.in&quot;,&quot;password&quot;:&quot;cityslicka&quot;,&quot;updatedAt&quot;:&quot;2022-06-19T18:13:14.815Z&quot;}&#10;" type="java.lang.AssertionError"><![CDATA[java.lang.AssertionError: 
1 expectation failed.
Response body doesn't match expectation.
Expected: The content to match the given JSON schema.
error: object has missing required properties (["token"])
    level: "error"
    schema: {"loadingURI":"file:/C:/Users/Lenovo/qebatch4/RestAssuredDemo/target/test-classes/schema/success-login.json#","pointer":""}
    instance: {"pointer":""}
    domain: "validation"
    keyword: "required"
    required: ["token"]
    missing: ["token"]

  Actual: {"email":"eve.holt@reqres.in","password":"cityslicka","updatedAt":"2022-06-19T18:13:14.815Z"}

]]></failure>
    <system-out><![CDATA[
@reqresin @post-login-successful @positive
Scenario: Login Valid Data                                                    &amp#27;[90m# src/test/resources/features/reqresin/reqresin.feature:11&amp#27;[0m
01:13:12.426 [pool-2-thread-1] INFO io.cucumber.core.plugin.SerenityReporter - Running feature from file:///C:/Users/Lenovo/qebatch4/RestAssuredDemo/src/test/resources/features/reqresin/reqresin.feature
01:13:12.430 [pool-2-thread-1] INFO  - 
  _____   ___   ___   _____     ___   _____     _     ___   _____   ___   ___  
 |_   _| | __| / __| |_   _|   / __| |_   _|   /_\   | _ \ |_   _| | __| |   \ 
   | |   | _|  \__ \   | |     \__ \   | |    / _ \  |   /   | |   | _|  | |) |
   |_|   |___| |___/   |_|     |___/   |_|   /_/ \_\ |_|_\   |_|   |___| |___/ 

Login Valid Data(reqresin;login-valid-data)
--------------------------------------------------------------------------------
  &amp#27;[32mWhen &amp#27;[0m&amp#27;[32muser send POST &amp#27;[0m&amp#27;[32m&amp#27;[1m"login"&amp#27;[0m&amp#27;[32m to reqresin with body json &amp#27;[0m&amp#27;[32m&amp#27;[1m"success-login.json"&amp#27;[0m &amp#27;[90m# api.stepdef.reqresin.reqresinstepdef.userSendPOSTToReqresinWithBodyJson(java.lang.String,java.lang.String)&amp#27;[0m
  &amp#27;[32mThen &amp#27;[0m&amp#27;[32mresponse status code should be &amp#27;[0m&amp#27;[32m&amp#27;[1m200&amp#27;[0m                                     &amp#27;[90m# api.stepdef.reqresin.reqresinstepdef.responseStatusCodeShouldBe(int)&amp#27;[0m
  &amp#27;[31mAnd &amp#27;[0m&amp#27;[31mresponse body json schema is &amp#27;[0m&amp#27;[31m&amp#27;[1m"success-login.json"&amp#27;[0m                       &amp#27;[90m# api.stepdef.reqresin.reqresinstepdef.responseBodyJsonSchemaIs(java.lang.String)&amp#27;[0m
      &amp#27;[31mjava.lang.AssertionError: 1 expectation failed.
Response body doesn't match expectation.
Expected: The content to match the given JSON schema.
error: object has missing required properties (["token"])
    level: "error"
    schema: {"loadingURI":"file:/C:/Users/Lenovo/qebatch4/RestAssuredDemo/target/test-classes/schema/success-login.json#","pointer":""}
    instance: {"pointer":""}
    domain: "validation"
    keyword: "required"
    required: ["token"]
    missing: ["token"]

  Actual: {"email":"eve.holt@reqres.in","password":"cityslicka","updatedAt":"2022-06-19T18:13:14.815Z"}

	at sun.reflect.NativeConstructorAccessorImpl.newInstance0(Native Method)
	at sun.reflect.NativeConstructorAccessorImpl.newInstance(NativeConstructorAccessorImpl.java:62)
	at sun.reflect.DelegatingConstructorAccessorImpl.newInstance(DelegatingConstructorAccessorImpl.java:45)
	at java.lang.reflect.Constructor.newInstance(Constructor.java:423)
	at org.codehaus.groovy.reflection.CachedConstructor.invoke(CachedConstructor.java:72)
	at org.codehaus.groovy.reflection.CachedConstructor.doConstructorInvoke(CachedConstructor.java:59)
	at org.codehaus.groovy.runtime.callsite.ConstructorSite$ConstructorSiteNoUnwrap.callConstructor(ConstructorSite.java:84)
	at org.codehaus.groovy.runtime.callsite.CallSiteArray.defaultCallConstructor(CallSiteArray.java:59)
	at org.codehaus.groovy.runtime.callsite.AbstractCallSite.callConstructor(AbstractCallSite.java:263)
	at org.codehaus.groovy.runtime.callsite.AbstractCallSite.callConstructor(AbstractCallSite.java:277)
	at io.restassured.internal.ResponseSpecificationImpl$HamcrestAssertionClosure.validate(ResponseSpecificationImpl.groovy:493)
	at io.restassured.internal.ResponseSpecificationImpl$HamcrestAssertionClosure$validate$1.call(Unknown Source)
	at io.restassured.internal.ResponseSpecificationImpl.validateResponseIfRequired(ResponseSpecificationImpl.groovy:674)
	at sun.reflect.NativeMethodAccessorImpl.invoke0(Native Method)
	at sun.reflect.NativeMethodAccessorImpl.invoke(NativeMethodAccessorImpl.java:62)
	at sun.reflect.DelegatingMethodAccessorImpl.invoke(DelegatingMethodAccessorImpl.java:43)
	at java.lang.reflect.Method.invoke(Method.java:498)
	at org.codehaus.groovy.runtime.callsite.PlainObjectMetaMethodSite.doInvoke(PlainObjectMetaMethodSite.java:43)
	at org.codehaus.groovy.runtime.callsite.PogoMetaMethodSite$PogoCachedMethodSiteNoUnwrapNoCoerce.invoke(PogoMetaMethodSite.java:193)
	at org.codehaus.groovy.runtime.callsite.PogoMetaMethodSite.callCurrent(PogoMetaMethodSite.java:61)
	at org.codehaus.groovy.runtime.callsite.AbstractCallSite.callCurrent(AbstractCallSite.java:185)
	at io.restassured.internal.ResponseSpecificationImpl.body(ResponseSpecificationImpl.groovy:98)
	at io.restassured.internal.ValidatableResponseOptionsImpl.body(ValidatableResponseOptionsImpl.java:238)
	at io.restassured.internal.ValidatableResponseImpl.super$2$body(ValidatableResponseImpl.groovy)
	at sun.reflect.NativeMethodAccessorImpl.invoke0(Native Method)
	at sun.reflect.NativeMethodAccessorImpl.invoke(NativeMethodAccessorImpl.java:62)
	at sun.reflect.DelegatingMethodAccessorImpl.invoke(DelegatingMethodAccessorImpl.java:43)
	at java.lang.reflect.Method.invoke(Method.java:498)
	at org.codehaus.groovy.reflection.CachedMethod.invoke(CachedMethod.java:107)
	at groovy.lang.MetaMethod.doMethodInvoke(MetaMethod.java:323)
	at groovy.lang.MetaClassImpl.invokeMethod(MetaClassImpl.java:1268)
	at org.codehaus.groovy.runtime.ScriptBytecodeAdapter.invokeMethodOnSuperN(ScriptBytecodeAdapter.java:144)
	at io.restassured.internal.ValidatableResponseImpl.body(ValidatableResponseImpl.groovy:293)
	at io.restassured.internal.ValidatableResponseImpl.body(ValidatableResponseImpl.groovy)
	at api.stepdef.reqresin.reqresinstepdef.lambda$responseBodyJsonSchemaIs$1(reqresinstepdef.java:31)
	at net.serenitybdd.rest.SerenityRest.restAssuredThat(SerenityRest.java:626)
	at api.stepdef.reqresin.reqresinstepdef.responseBodyJsonSchemaIs(reqresinstepdef.java:31)
	at âœ½.response body json schema is "success-login.json"(file:///C:/Users/Lenovo/qebatch4/RestAssuredDemo/src/test/resources/features/reqresin/reqresin.feature:14)
&amp#27;[0m
]]></system-out>
  </testcase>
  <testcase name="Login Without Password" classname="Reqresin" time="2.228">
    <system-out><![CDATA[
@reqresin @post-login-unsuccessful @negative
Scenario: Login Without Password                                             &amp#27;[90m# src/test/resources/features/reqresin/reqresin.feature:17&amp#27;[0m
01:13:15.002 [pool-2-thread-1] INFO io.cucumber.core.plugin.SerenityReporter - Running feature from file:///C:/Users/Lenovo/qebatch4/RestAssuredDemo/src/test/resources/features/reqresin/reqresin.feature
01:13:15.005 [pool-2-thread-1] INFO  - 
  _____   ___   ___   _____     ___   _____     _     ___   _____   ___   ___  
 |_   _| | __| / __| |_   _|   / __| |_   _|   /_\   | _ \ |_   _| | __| |   \ 
   | |   | _|  \__ \   | |     \__ \   | |    / _ \  |   /   | |   | _|  | |) |
   |_|   |___| |___/   |_|     |___/   |_|   /_/ \_\ |_|_\   |_|   |___| |___/ 

Login Without Password(reqresin;login-without-password)
--------------------------------------------------------------------------------
  &amp#27;[32mWhen &amp#27;[0m&amp#27;[32muser send POST &amp#27;[0m&amp#27;[32m&amp#27;[1m"login"&amp#27;[0m&amp#27;[32m to reqresin with body json &amp#27;[0m&amp#27;[32m&amp#27;[1m"failed-login.json"&amp#27;[0m &amp#27;[90m# api.stepdef.reqresin.reqresinstepdef.userSendPOSTToReqresinWithBodyJson(java.lang.String,java.lang.String)&amp#27;[0m
  &amp#27;[32mThen &amp#27;[0m&amp#27;[32mresponse status code should be &amp#27;[0m&amp#27;[32m&amp#27;[1m400&amp#27;[0m                                    &amp#27;[90m# api.stepdef.reqresin.reqresinstepdef.responseStatusCodeShouldBe(int)&amp#27;[0m
01:13:17.224 [pool-2-thread-1] INFO  - 
  _____   ___   ___   _____     ___     _     ___   ___   ___   ___  
 |_   _| | __| / __| |_   _|   | _ \   /_\   / __| / __| | __| |   \ 
   | |   | _|  \__ \   | |     |  _/  / _ \  \__ \ \__ \ | _|  | |) |
   |_|   |___| |___/   |_|     |_|   /_/ \_\ |___/ |___/ |___| |___/ 

Login Without Password
----------------------------------------------------------------------
]]></system-out>
  </testcase>
  <testcase name="Success Register with Valid Data" classname="Reqresin" time="1.833">
    <failure message="1 expectation failed.&#10;Response body doesn&apos;t match expectation.&#10;Expected: The content to match the given JSON schema.&#10;error: object has missing required properties ([&quot;id&quot;,&quot;token&quot;])&#10;    level: &quot;error&quot;&#10;    schema: {&quot;loadingURI&quot;:&quot;file:/C:/Users/Lenovo/qebatch4/RestAssuredDemo/target/test-classes/schema/register.json#&quot;,&quot;pointer&quot;:&quot;&quot;}&#10;    instance: {&quot;pointer&quot;:&quot;&quot;}&#10;    domain: &quot;validation&quot;&#10;    keyword: &quot;required&quot;&#10;    required: [&quot;id&quot;,&quot;token&quot;]&#10;    missing: [&quot;id&quot;,&quot;token&quot;]&#10;&#10;  Actual: {&quot;email&quot;:&quot;eve.holt@reqres.in&quot;,&quot;password&quot;:&quot;pistol&quot;,&quot;updatedAt&quot;:&quot;2022-06-19T18:13:19.032Z&quot;}&#10;" type="java.lang.AssertionError"><![CDATA[java.lang.AssertionError: 
1 expectation failed.
Response body doesn't match expectation.
Expected: The content to match the given JSON schema.
error: object has missing required properties (["id","token"])
    level: "error"
    schema: {"loadingURI":"file:/C:/Users/Lenovo/qebatch4/RestAssuredDemo/target/test-classes/schema/register.json#","pointer":""}
    instance: {"pointer":""}
    domain: "validation"
    keyword: "required"
    required: ["id","token"]
    missing: ["id","token"]

  Actual: {"email":"eve.holt@reqres.in","password":"pistol","updatedAt":"2022-06-19T18:13:19.032Z"}

]]></failure>
    <system-out><![CDATA[
@reqresin @post-register @positive
Scenario: Success Register with Valid Data                                  &amp#27;[90m# src/test/resources/features/reqresin/reqresin.feature:22&amp#27;[0m
01:13:17.235 [pool-2-thread-1] INFO io.cucumber.core.plugin.SerenityReporter - Running feature from file:///C:/Users/Lenovo/qebatch4/RestAssuredDemo/src/test/resources/features/reqresin/reqresin.feature
01:13:17.239 [pool-2-thread-1] INFO  - 
  _____   ___   ___   _____     ___   _____     _     ___   _____   ___   ___  
 |_   _| | __| / __| |_   _|   / __| |_   _|   /_\   | _ \ |_   _| | __| |   \ 
   | |   | _|  \__ \   | |     \__ \   | |    / _ \  |   /   | |   | _|  | |) |
   |_|   |___| |___/   |_|     |___/   |_|   /_/ \_\ |_|_\   |_|   |___| |___/ 

Success Register with Valid Data(reqresin;success-register-with-valid-data)
--------------------------------------------------------------------------------
  &amp#27;[32mWhen &amp#27;[0m&amp#27;[32muser send POST &amp#27;[0m&amp#27;[32m&amp#27;[1m"register"&amp#27;[0m&amp#27;[32m to reqresin with body json &amp#27;[0m&amp#27;[32m&amp#27;[1m"register.json"&amp#27;[0m &amp#27;[90m# api.stepdef.reqresin.reqresinstepdef.userSendPOSTToReqresinWithBodyJson(java.lang.String,java.lang.String)&amp#27;[0m
  &amp#27;[32mThen &amp#27;[0m&amp#27;[32mresponse status code should be &amp#27;[0m&amp#27;[32m&amp#27;[1m200&amp#27;[0m                                   &amp#27;[90m# api.stepdef.reqresin.reqresinstepdef.responseStatusCodeShouldBe(int)&amp#27;[0m
  &amp#27;[31mAnd &amp#27;[0m&amp#27;[31mresponse body json schema is &amp#27;[0m&amp#27;[31m&amp#27;[1m"register.json"&amp#27;[0m                          &amp#27;[90m# api.stepdef.reqresin.reqresinstepdef.responseBodyJsonSchemaIs(java.lang.String)&amp#27;[0m
      &amp#27;[31mjava.lang.AssertionError: 1 expectation failed.
Response body doesn't match expectation.
Expected: The content to match the given JSON schema.
error: object has missing required properties (["id","token"])
    level: "error"
    schema: {"loadingURI":"file:/C:/Users/Lenovo/qebatch4/RestAssuredDemo/target/test-classes/schema/register.json#","pointer":""}
    instance: {"pointer":""}
    domain: "validation"
    keyword: "required"
    required: ["id","token"]
    missing: ["id","token"]

  Actual: {"email":"eve.holt@reqres.in","password":"pistol","updatedAt":"2022-06-19T18:13:19.032Z"}

	at sun.reflect.NativeConstructorAccessorImpl.newInstance0(Native Method)
	at sun.reflect.NativeConstructorAccessorImpl.newInstance(NativeConstructorAccessorImpl.java:62)
	at sun.reflect.DelegatingConstructorAccessorImpl.newInstance(DelegatingConstructorAccessorImpl.java:45)
	at java.lang.reflect.Constructor.newInstance(Constructor.java:423)
	at org.codehaus.groovy.reflection.CachedConstructor.invoke(CachedConstructor.java:72)
	at org.codehaus.groovy.reflection.CachedConstructor.doConstructorInvoke(CachedConstructor.java:59)
	at org.codehaus.groovy.runtime.callsite.ConstructorSite$ConstructorSiteNoUnwrap.callConstructor(ConstructorSite.java:84)
	at org.codehaus.groovy.runtime.callsite.AbstractCallSite.callConstructor(AbstractCallSite.java:277)
	at io.restassured.internal.ResponseSpecificationImpl$HamcrestAssertionClosure.validate(ResponseSpecificationImpl.groovy:493)
	at io.restassured.internal.ResponseSpecificationImpl$HamcrestAssertionClosure$validate$1.call(Unknown Source)
	at io.restassured.internal.ResponseSpecificationImpl.validateResponseIfRequired(ResponseSpecificationImpl.groovy:674)
	at sun.reflect.NativeMethodAccessorImpl.invoke0(Native Method)
	at sun.reflect.NativeMethodAccessorImpl.invoke(NativeMethodAccessorImpl.java:62)
	at sun.reflect.DelegatingMethodAccessorImpl.invoke(DelegatingMethodAccessorImpl.java:43)
	at java.lang.reflect.Method.invoke(Method.java:498)
	at org.codehaus.groovy.runtime.callsite.PlainObjectMetaMethodSite.doInvoke(PlainObjectMetaMethodSite.java:43)
	at org.codehaus.groovy.runtime.callsite.PogoMetaMethodSite$PogoCachedMethodSiteNoUnwrapNoCoerce.invoke(PogoMetaMethodSite.java:193)
	at org.codehaus.groovy.runtime.callsite.PogoMetaMethodSite.callCurrent(PogoMetaMethodSite.java:61)
	at org.codehaus.groovy.runtime.callsite.AbstractCallSite.callCurrent(AbstractCallSite.java:185)
	at io.restassured.internal.ResponseSpecificationImpl.body(ResponseSpecificationImpl.groovy:98)
	at io.restassured.internal.ValidatableResponseOptionsImpl.body(ValidatableResponseOptionsImpl.java:238)
	at io.restassured.internal.ValidatableResponseImpl.super$2$body(ValidatableResponseImpl.groovy)
	at sun.reflect.NativeMethodAccessorImpl.invoke0(Native Method)
	at sun.reflect.NativeMethodAccessorImpl.invoke(NativeMethodAccessorImpl.java:62)
	at sun.reflect.DelegatingMethodAccessorImpl.invoke(DelegatingMethodAccessorImpl.java:43)
	at java.lang.reflect.Method.invoke(Method.java:498)
	at org.codehaus.groovy.reflection.CachedMethod.invoke(CachedMethod.java:107)
	at groovy.lang.MetaMethod.doMethodInvoke(MetaMethod.java:323)
	at groovy.lang.MetaClassImpl.invokeMethod(MetaClassImpl.java:1268)
	at org.codehaus.groovy.runtime.ScriptBytecodeAdapter.invokeMethodOnSuperN(ScriptBytecodeAdapter.java:144)
	at io.restassured.internal.ValidatableResponseImpl.body(ValidatableResponseImpl.groovy:293)
	at io.restassured.internal.ValidatableResponseImpl.body(ValidatableResponseImpl.groovy)
	at api.stepdef.reqresin.reqresinstepdef.lambda$responseBodyJsonSchemaIs$1(reqresinstepdef.java:31)
	at net.serenitybdd.rest.SerenityRest.restAssuredThat(SerenityRest.java:626)
	at api.stepdef.reqresin.reqresinstepdef.responseBodyJsonSchemaIs(reqresinstepdef.java:31)
	at âœ½.response body json schema is "register.json"(file:///C:/Users/Lenovo/qebatch4/RestAssuredDemo/src/test/resources/features/reqresin/reqresin.feature:25)
&amp#27;[0m
]]></system-out>
  </testcase>
  <testcase name="Update User Data" classname="Reqresin" time="2.162">
    <system-out><![CDATA[
@reqresin @put @positive
Scenario: Update User Data                                              &amp#27;[90m# src/test/resources/features/reqresin/reqresin.feature:28&amp#27;[0m
01:13:19.073 [pool-2-thread-1] INFO io.cucumber.core.plugin.SerenityReporter - Running feature from file:///C:/Users/Lenovo/qebatch4/RestAssuredDemo/src/test/resources/features/reqresin/reqresin.feature
01:13:19.076 [pool-2-thread-1] INFO  - 
  _____   ___   ___   _____     ___   _____     _     ___   _____   ___   ___  
 |_   _| | __| / __| |_   _|   / __| |_   _|   /_\   | _ \ |_   _| | __| |   \ 
   | |   | _|  \__ \   | |     \__ \   | |    / _ \  |   /   | |   | _|  | |) |
   |_|   |___| |___/   |_|     |___/   |_|   /_/ \_\ |_|_\   |_|   |___| |___/ 

Update User Data(reqresin;update-user-data)
--------------------------------------------------------------------------------
  &amp#27;[32mGiven &amp#27;[0m&amp#27;[32muser id is &amp#27;[0m&amp#27;[32m&amp#27;[1m2&amp#27;[0m                                                    &amp#27;[90m# api.stepdef.reqresin.reqresinstepdef.userIdIs(int)&amp#27;[0m
  &amp#27;[32mWhen &amp#27;[0m&amp#27;[32muser send POST &amp#27;[0m&amp#27;[32m&amp#27;[1m"update"&amp#27;[0m&amp#27;[32m to reqresin with body json &amp#27;[0m&amp#27;[32m&amp#27;[1m"update.json"&amp#27;[0m &amp#27;[90m# api.stepdef.reqresin.reqresinstepdef.userSendPOSTToReqresinWithBodyJson(java.lang.String,java.lang.String)&amp#27;[0m
  &amp#27;[32mThen &amp#27;[0m&amp#27;[32mresponse status code should be &amp#27;[0m&amp#27;[32m&amp#27;[1m200&amp#27;[0m                               &amp#27;[90m# api.stepdef.reqresin.reqresinstepdef.responseStatusCodeShouldBe(int)&amp#27;[0m
  &amp#27;[32mAnd &amp#27;[0m&amp#27;[32mresponse body json schema is &amp#27;[0m&amp#27;[32m&amp#27;[1m"update-user.json"&amp#27;[0m                   &amp#27;[90m# api.stepdef.reqresin.reqresinstepdef.responseBodyJsonSchemaIs(java.lang.String)&amp#27;[0m
01:13:21.227 [pool-2-thread-1] INFO  - 
  _____   ___   ___   _____     ___     _     ___   ___   ___   ___  
 |_   _| | __| / __| |_   _|   | _ \   /_\   / __| / __| | __| |   \ 
   | |   | _|  \__ \   | |     |  _/  / _ \  \__ \ \__ \ | _|  | |) |
   |_|   |___| |___/   |_|     |_|   /_/ \_\ |___/ |___/ |___| |___/ 

Update User Data
----------------------------------------------------------------------
]]></system-out>
  </testcase>
  <testcase name="Delete User Data" classname="Reqresin" time="0.597">
    <system-out><![CDATA[
@reqresin @delete
Scenario: Delete User Data                            &amp#27;[90m# src/test/resources/features/reqresin/reqresin.feature:35&amp#27;[0m
01:13:21.231 [pool-2-thread-1] INFO io.cucumber.core.plugin.SerenityReporter - Running feature from file:///C:/Users/Lenovo/qebatch4/RestAssuredDemo/src/test/resources/features/reqresin/reqresin.feature
01:13:21.234 [pool-2-thread-1] INFO  - 
  _____   ___   ___   _____     ___   _____     _     ___   _____   ___   ___  
 |_   _| | __| / __| |_   _|   / __| |_   _|   /_\   | _ \ |_   _| | __| |   \ 
   | |   | _|  \__ \   | |     \__ \   | |    / _ \  |   /   | |   | _|  | |) |
   |_|   |___| |___/   |_|     |___/   |_|   /_/ \_\ |_|_\   |_|   |___| |___/ 

Delete User Data(reqresin;delete-user-data)
--------------------------------------------------------------------------------
  &amp#27;[32mWhen &amp#27;[0m&amp#27;[32muser send DELETE to reqresin with user id is &amp#27;[0m&amp#27;[32m&amp#27;[1m2&amp#27;[0m &amp#27;[90m# api.stepdef.reqresin.reqresinstepdef.userSendDELETEToReqresinWithUserIdIs(int)&amp#27;[0m
  &amp#27;[32mThen &amp#27;[0m&amp#27;[32mresponse status code should be &amp#27;[0m&amp#27;[32m&amp#27;[1m204&amp#27;[0m             &amp#27;[90m# api.stepdef.reqresin.reqresinstepdef.responseStatusCodeShouldBe(int)&amp#27;[0m
01:13:21.823 [pool-2-thread-1] INFO  - 
  _____   ___   ___   _____     ___     _     ___   ___   ___   ___  
 |_   _| | __| / __| |_   _|   | _ \   /_\   / __| / __| | __| |   \ 
   | |   | _|  \__ \   | |     |  _/  / _ \  \__ \ \__ \ | _|  | |) |
   |_|   |___| |___/   |_|     |_|   /_/ \_\ |___/ |___/ |___| |___/ 

Delete User Data
----------------------------------------------------------------------
]]></system-out>
  </testcase>
</testsuite>